<?xml version="1.0" encoding="UTF-8"?>
<!-- Generated by org.testng.reporters.JUnitReportReporter -->
<testsuite hostname="LTIN177701" failures="0" tests="1" name="testCases.Gym" time="17.784" errors="0" timestamp="2024-02-27T15:05:18 IST" skipped="0">
  <testcase classname="testCases.Gym" name="gym" time="17.784"/>
</testsuite> <!-- testCases.Gym -->
