<?xml version="1.0" encoding="UTF-8"?>
<!-- Generated by org.testng.reporters.JUnitReportReporter -->
<testsuite hostname="LTIN269561" failures="0" tests="1" name="testCases.FreeListing" time="46.005" errors="0" timestamp="2024-02-28T14:33:55 IST" skipped="0">
  <testcase classname="testCases.FreeListing" name="freelisting" time="46.005"/>
</testsuite> <!-- testCases.FreeListing -->
