<?xml version="1.0" encoding="UTF-8"?>
<!-- Generated by org.testng.reporters.JUnitReportReporter -->
<testsuite hostname="LTIN269561" failures="0" tests="3" name="testCases.CarWashingServices" time="95.495" errors="0" timestamp="2024-02-28T14:33:55 IST" skipped="0">
  <testcase classname="testCases.CarWashingServices" name="loc_service" time="21.907"/>
  <testcase classname="testCases.CarWashingServices" name="filter" time="6.482"/>
  <testcase classname="testCases.CarWashingServices" name="display_services_numbers" time="67.106"/>
</testsuite> <!-- testCases.CarWashingServices -->
