<?xml version="1.0" encoding="UTF-8"?>
<!-- Generated by org.testng.reporters.JUnitReportReporter -->
<testsuite hostname="LTIN269561" failures="0" tests="1" name="testCases.Gym" time="80.771" errors="0" timestamp="2024-02-28T14:33:55 IST" skipped="0">
  <testcase classname="testCases.Gym" name="gym" time="80.771"/>
</testsuite> <!-- testCases.Gym -->
