<?xml version="1.0" encoding="UTF-8"?>
<!-- Generated by org.testng.reporters.JUnitReportReporter -->
<testsuite hostname="LTIN177701" failures="0" tests="1" name="TestCases.UserInfo" time="15.629" errors="0" timestamp="2024-02-13T09:33:57 IST" skipped="0">
  <testcase classname="TestCases.UserInfo" name="credentials_valid" time="15.629"/>
</testsuite> <!-- TestCases.UserInfo -->
