<?xml version="1.0" encoding="UTF-8"?>
<!-- Generated by org.testng.reporters.JUnitReportReporter -->
<testsuite hostname="LTIN177701" failures="0" tests="1" name="TestCases.AcronymsPageTitle" time="0.073" errors="0" timestamp="2024-02-08T15:18:56 IST" skipped="0">
  <testcase classname="TestCases.AcronymsPageTitle" name="validate_Acronym_Pagetitle" time="0.073"/>
</testsuite> <!-- TestCases.AcronymsPageTitle -->
