<?xml version="1.0" encoding="UTF-8"?>
<!-- Generated by org.testng.reporters.JUnitReportReporter -->
<testsuite hostname="LTIN177701" failures="0" tests="1" name="testCases.FreeListing" time="7.976" errors="0" timestamp="2024-02-27T15:05:18 IST" skipped="0">
  <testcase classname="testCases.FreeListing" name="freelisting" time="7.976"/>
</testsuite> <!-- testCases.FreeListing -->
